# JRE version: OpenJDK Runtime Environment Temurin-17.0.4.1+1 (17.0.4.1+1) (build 17.0.4.1+1)
# Java VM: OpenJDK 64-Bit Server VM Temurin-17.0.4.1+1 (17.0.4.1+1, mixed mode, tiered, compressed oops, compressed class ptrs, g1 gc, windows-amd64)
GC Precious Log:
 CPUs: 8 total, 8 available
 Memory: 6030M
 Large Page Support: Disabled
 NUMA Support: Disabled
 Compressed Oops: Enabled (32-bit)
 Heap Region Size: 1M
 Heap Min Capacity: 8M
 Heap Initial Capacity: 96M
 Heap Max Capacity: 1508M
 Pre-touch: Disabled
 Parallel Workers: 8
 Concurrent Workers: 2
 Concurrent Refinement Workers: 8
 Periodic GC: Disabled
Heap:
 garbage-first heap   total 126976K, used 91145K [0x00000000a1c00000, 0x0000000100000000)
  region size 1024K, 38 young (38912K), 2 survivors (2048K)
 Metaspace       used 46736K, committed 47104K, reserved 1097728K
  class space    used 4988K, committed 5184K, reserved 1048576K
GC Heap History (20 events):
Event: 29.638 GC heap before
{Heap before GC invocations=17 (full 0):
 garbage-first heap   total 126976K, used 106170K [0x00000000a1c00000, 0x0000000100000000)
  region size 1024K, 67 young (68608K), 2 survivors (2048K)
 Metaspace       used 36072K, committed 36416K, reserved 1081344K
  class space    used 3869K, committed 4032K, reserved 1048576K
}
Event: 29.653 GC heap after
{Heap after GC invocations=18 (full 0):
 garbage-first heap   total 126976K, used 42222K [0x00000000a1c00000, 0x0000000100000000)
  region size 1024K, 6 young (6144K), 6 survivors (6144K)
 Metaspace       used 36072K, committed 36416K, reserved 1081344K
  class space    used 3869K, committed 4032K, reserved 1048576K
}
Event: 30.593 GC heap before
{Heap before GC invocations=18 (full 0):
 garbage-first heap   total 126976K, used 94446K [0x00000000a1c00000, 0x0000000100000000)
  region size 1024K, 55 young (56320K), 6 survivors (6144K)
 Metaspace       used 36399K, committed 36672K, reserved 1081344K
  class space    used 3891K, committed 4032K, reserved 1048576K
}
Event: 30.621 GC heap after
{Heap after GC invocations=19 (full 0):
 garbage-first heap   total 126976K, used 58617K [0x00000000a1c00000, 0x0000000100000000)
  region size 1024K, 7 young (7168K), 7 survivors (7168K)
 Metaspace       used 36399K, committed 36672K, reserved 1081344K
  class space    used 3891K, committed 4032K, reserved 1048576K
}
Event: 31.815 GC heap before
{Heap before GC invocations=19 (full 0):
 garbage-first heap   total 126976K, used 92409K [0x00000000a1c00000, 0x0000000100000000)
  region size 1024K, 41 young (41984K), 7 survivors (7168K)
 Metaspace       used 39567K, committed 39936K, reserved 1089536K
  class space    used 4248K, committed 4416K, reserved 1048576K
}
Event: 31.826 GC heap after
{Heap after GC invocations=20 (full 0):
 garbage-first heap   total 126976K, used 57887K [0x00000000a1c00000, 0x0000000100000000)
  region size 1024K, 3 young (3072K), 3 survivors (3072K)
 Metaspace       used 39567K, committed 39936K, reserved 1089536K
  class space    used 4248K, committed 4416K, reserved 1048576K
}
Event: 32.924 GC heap before
{Heap before GC invocations=20 (full 0):
 garbage-first heap   total 126976K, used 69151K [0x00000000a1c00000, 0x0000000100000000)
  region size 1024K, 16 young (16384K), 3 survivors (3072K)
 Metaspace       used 45060K, committed 45440K, reserved 1089536K
  class space    used 4875K, committed 5056K, reserved 1048576K
}
Event: 32.929 GC heap after
{Heap after GC invocations=21 (full 0):
 garbage-first heap   total 126976K, used 58596K [0x00000000a1c00000, 0x0000000100000000)
  region size 1024K, 4 young (4096K), 4 survivors (4096K)
 Metaspace       used 45060K, committed 45440K, reserved 1089536K
  class space    used 4875K, committed 5056K, reserved 1048576K
}
Event: 33.047 GC heap before
{Heap before GC invocations=21 (full 0):
 garbage-first heap   total 126976K, used 60644K [0x00000000a1c00000, 0x0000000100000000)
  region size 1024K, 5 young (5120K), 4 survivors (4096K)
 Metaspace       used 45085K, committed 45440K, reserved 1089536K
  class space    used 4877K, committed 5056K, reserved 1048576K
}
Event: 33.050 GC heap after
{Heap after GC invocations=22 (full 0):
 garbage-first heap   total 126976K, used 58617K [0x00000000a1c00000, 0x0000000100000000)
  region size 1024K, 2 young (2048K), 2 survivors (2048K)
 Metaspace       used 45085K, committed 45440K, reserved 1089536K
  class space    used 4877K, committed 5056K, reserved 1048576K
}
Event: 36.055 GC heap before
{Heap before GC invocations=23 (full 0):
 garbage-first heap   total 126976K, used 121081K [0x00000000a1c00000, 0x0000000100000000)
  region size 1024K, 13 young (13312K), 2 survivors (2048K)
 Metaspace       used 43677K, committed 44480K, reserved 1089536K
  class space    used 4683K, committed 4992K, reserved 1048576K
}
Event: 36.057 GC heap after
{Heap after GC invocations=24 (full 0):
 garbage-first heap   total 126976K, used 58250K [0x00000000a1c00000, 0x0000000100000000)
  region size 1024K, 3 young (3072K), 3 survivors (3072K)
 Metaspace       used 43677K, committed 44480K, reserved 1089536K
  class space    used 4683K, committed 4992K, reserved 1048576K
}
Event: 36.750 GC heap before
{Heap before GC invocations=24 (full 0):
 garbage-first heap   total 126976K, used 79754K [0x00000000a1c00000, 0x0000000100000000)
  region size 1024K, 6 young (6144K), 3 survivors (3072K)
 Metaspace       used 43836K, committed 44608K, reserved 1089536K
  class space    used 4686K, committed 4992K, reserved 1048576K
}
Event: 36.758 GC heap after
{Heap after GC invocations=25 (full 0):
 garbage-first heap   total 126976K, used 42757K [0x00000000a1c00000, 0x0000000100000000)
  region size 1024K, 1 young (1024K), 1 survivors (1024K)
 Metaspace       used 43836K, committed 44608K, reserved 1089536K
  class space    used 4686K, committed 4992K, reserved 1048576K
}
Event: 38.724 GC heap before
{Heap before GC invocations=25 (full 0):
 garbage-first heap   total 126976K, used 75525K [0x00000000a1c00000, 0x0000000100000000)
  region size 1024K, 6 young (6144K), 1 survivors (1024K)
 Metaspace       used 44032K, committed 44608K, reserved 1089536K
  class space    used 4695K, committed 4992K, reserved 1048576K
}
Event: 38.727 GC heap after
{Heap after GC invocations=26 (full 0):
 garbage-first heap   total 126976K, used 38400K [0x00000000a1c00000, 0x0000000100000000)
  region size 1024K, 1 young (1024K), 1 survivors (1024K)
 Metaspace       used 44032K, committed 44608K, reserved 1089536K
  class space    used 4695K, committed 4992K, reserved 1048576K
}
Event: 41.090 GC heap before
{Heap before GC invocations=26 (full 0):
 garbage-first heap   total 126976K, used 84480K [0x00000000a1c00000, 0x0000000100000000)
  region size 1024K, 29 young (29696K), 1 survivors (1024K)
 Metaspace       used 45130K, committed 45504K, reserved 1089536K
  class space    used 4790K, committed 4992K, reserved 1048576K
}
Event: 41.093 GC heap after
{Heap after GC invocations=27 (full 0):
 garbage-first heap   total 126976K, used 38865K [0x00000000a1c00000, 0x0000000100000000)
  region size 1024K, 2 young (2048K), 2 survivors (2048K)
 Metaspace       used 45130K, committed 45504K, reserved 1089536K
  class space    used 4790K, committed 4992K, reserved 1048576K
}
Event: 41.741 GC heap before
{Heap before GC invocations=27 (full 0):
 garbage-first heap   total 126976K, used 59345K [0x00000000a1c00000, 0x0000000100000000)
  region size 1024K, 5 young (5120K), 2 survivors (2048K)
 Metaspace       used 45145K, committed 45504K, reserved 1089536K
  class space    used 4791K, committed 4992K, reserved 1048576K
}
Event: 41.744 GC heap after
{Heap after GC invocations=28 (full 0):
 garbage-first heap   total 126976K, used 38921K [0x00000000a1c00000, 0x0000000100000000)
  region size 1024K, 2 young (2048K), 2 survivors (2048K)
 Metaspace       used 45145K, committed 45504K, reserved 1089536K
  class space    used 4791K, committed 4992K, reserved 1048576K
}

